<?xml version="1.0" encoding="UTF-8"?>
<testng-results ignored="0" total="1" passed="1" failed="0" skipped="0">
  <reporter-output>
  </reporter-output>
  <suite started-at="2024-09-20T18:42:40 IST" name="Suite" finished-at="2024-09-20T18:43:58 IST" duration-ms="77977">
    <groups>
    </groups>
    <test started-at="2024-09-20T18:42:40 IST" name="Test" finished-at="2024-09-20T18:43:58 IST" duration-ms="77977">
      <class name="com.package1.Trial_Project1.FbLogin">
        <test-method signature="login_to_facebook()[pri:0, instance:com.package1.Trial_Project1.FbLogin@48f278eb]" started-at="2024-09-20T18:42:40 IST" name="login_to_facebook" finished-at="2024-09-20T18:43:58 IST" duration-ms="77780" status="PASS">
          <reporter-output>
          </reporter-output>
        </test-method> <!-- login_to_facebook -->
      </class> <!-- com.package1.Trial_Project1.FbLogin -->
    </test> <!-- Test -->
  </suite> <!-- Suite -->
</testng-results>
