<?xml version="1.0" encoding="UTF-8"?>
<testng-results ignored="0" total="1" passed="1" failed="0" skipped="0">
  <reporter-output>
  </reporter-output>
  <suite started-at="2024-09-20T15:30:12 IST" name="Default suite" finished-at="2024-09-20T15:30:38 IST" duration-ms="26023">
    <groups>
    </groups>
    <test started-at="2024-09-20T15:30:12 IST" name="Default test" finished-at="2024-09-20T15:30:38 IST" duration-ms="26023">
      <class name="com.package1.Trial_Project1.FbLogin">
        <test-method signature="login_to_facebook()[pri:0, instance:com.package1.Trial_Project1.FbLogin@20ccf40b]" started-at="2024-09-20T15:30:12 IST" name="login_to_facebook" finished-at="2024-09-20T15:30:38 IST" duration-ms="25989" status="PASS">
          <reporter-output>
          </reporter-output>
        </test-method> <!-- login_to_facebook -->
      </class> <!-- com.package1.Trial_Project1.FbLogin -->
    </test> <!-- Default test -->
  </suite> <!-- Default suite -->
</testng-results>
